\BOOKMARK [1][-]{section.1}{\376\377\000C\000A\0002\000\040\131\053\121\160\121\113\000-\215\153\121\171\133\236\232\214\377\032\123\237\133\120\133\232\140\001\200\375\176\247\166\204\211\302\155\113\000\040\230\204\116\140\142\245\124\112}{}% 1
\BOOKMARK [2][-]{subsection.1.1}{\376\377\133\236\232\214\166\356\166\204}{section.1}% 2
\BOOKMARK [2][-]{subsection.1.2}{\376\377\116\352\126\150\165\050\121\167}{section.1}% 3
\BOOKMARK [2][-]{subsection.1.3}{\376\377\123\237\164\006\151\202\217\360}{section.1}% 4
\BOOKMARK [1][-]{section.2}{\376\377\000C\000A\0002\131\053\121\160\121\113\000-\215\153\121\171\133\236\232\214\377\032\123\237\133\120\133\232\140\001\200\375\176\247\166\204\211\302\155\113\000\040\133\236\232\214\213\260\137\125}{}% 5
\BOOKMARK [2][-]{subsection.2.1}{\376\377\133\236\232\214\121\205\133\271\060\001\153\145\232\244\116\016\176\323\147\234}{section.2}% 6
\BOOKMARK [3][-]{subsubsection.2.1.1}{\376\377\144\315\117\134\153\145\232\244\213\260\137\125}{subsection.2.1}% 7
\BOOKMARK [3][-]{subsubsection.2.1.2}{\376\377\133\236\232\214\145\160\143\156\213\260\137\125}{subsection.2.1}% 8
\BOOKMARK [2][-]{subsection.2.2}{\376\377\133\236\232\214\217\307\172\013\220\107\122\060\225\356\230\230\123\312\211\343\121\263\122\236\154\325}{section.2}% 9
\BOOKMARK [1][-]{section.3}{\376\377\000C\000A\0002\000\040\131\053\121\160\121\113\000-\215\153\121\171\133\236\232\214\377\032\123\237\133\120\133\232\140\001\200\375\176\247\166\204\211\302\155\113\000\040\000\040\122\006\147\220\116\016\213\250\213\272}{}% 10
\BOOKMARK [2][-]{subsection.3.1}{\376\377\116\011\176\304\165\065\123\213\120\074\133\236\232\214\145\160\143\156\122\006\147\220}{section.3}% 11
\BOOKMARK [3][-]{subsubsection.3.1.1}{\376\377\133\236\232\214\145\160\143\156\176\330\126\376}{subsection.3.1}% 12
\BOOKMARK [3][-]{subsubsection.3.1.2}{\376\377\126\376\120\317\137\142\162\266\122\006\147\220}{subsection.3.1}% 13
\BOOKMARK [3][-]{subsubsection.3.1.3}{\376\377\126\376\120\317\232\330\136\246\122\006\147\220}{subsection.3.1}% 14
\BOOKMARK [2][-]{subsection.3.2}{\376\377\116\044\176\304\116\015\124\014\145\271\137\017\133\236\232\214\145\160\143\156\122\006\147\220}{section.3}% 15
\BOOKMARK [3][-]{subsubsection.3.2.1}{\376\377\133\236\232\214\145\160\143\156\176\330\126\376}{subsection.3.2}% 16
\BOOKMARK [3][-]{subsubsection.3.2.2}{\376\377\116\044\171\315\176\323\147\234\133\371\153\324\122\006\147\220}{subsection.3.2}% 17
\BOOKMARK [3][-]{subsubsection.3.2.3}{\376\377\120\134\165\131\145\366\225\364\137\161\124\315\133\236\232\214\176\323\147\234\166\204\213\250\213\272}{subsection.3.2}% 18
\BOOKMARK [2][-]{subsection.3.3}{\376\377\133\371\116\216\133\236\232\214\176\323\147\234\133\232\140\047\122\006\147\220}{section.3}% 19
\BOOKMARK [2][-]{subsection.3.4}{\376\377\133\371\116\216\133\236\232\214\176\323\147\234\133\232\221\317\122\006\147\220}{section.3}% 20
\BOOKMARK [2][-]{subsection.3.5}{\376\377\133\236\232\214\176\323\213\272}{section.3}% 21
\BOOKMARK [1][-]{section.4}{\376\377\000C\000A\0002\000\040\131\053\121\160\121\113\000-\215\153\121\171\133\236\232\214\377\032\123\237\133\120\133\232\140\001\200\375\176\247\166\204\211\302\155\113\000\040\000\040\176\323\213\355}{}% 22
\BOOKMARK [2][-]{subsection.4.1}{\376\377\133\236\232\214\137\303\137\227\124\214\117\123\117\032\060\001\141\017\211\301\136\372\213\256\173\111}{section.4}% 23
\BOOKMARK [2][-]{subsection.4.2}{\376\377\226\104\116\366}{section.4}% 24
