\BOOKMARK [1][-]{section.1}{\376\377\000T\000E\000C\143\247\156\051\133\236\232\214\000\040\000\040\230\204\116\140\142\245\124\112}{}% 1
\BOOKMARK [2][-]{subsection.1.1}{\376\377\133\236\232\214\166\356\166\204}{section.1}% 2
\BOOKMARK [2][-]{subsection.1.2}{\376\377\116\352\126\150\165\050\121\167}{section.1}% 3
\BOOKMARK [2][-]{subsection.1.3}{\376\377\123\237\164\006\151\202\217\360}{section.1}% 4
\BOOKMARK [2][-]{subsection.1.4}{\376\377\133\236\232\214\122\115\140\035\200\003\230\230}{section.1}% 5
\BOOKMARK [1][-]{section.2}{\376\377\000T\000E\000C\143\247\156\051\133\236\232\214\000\040\000\040\133\236\232\214\213\260\137\125}{}% 6
\BOOKMARK [2][-]{subsection.2.1}{\376\377\133\236\232\214\165\065\215\357\217\336\143\245}{section.2}% 7
\BOOKMARK [2][-]{subsection.2.2}{\376\377\000L\000a\000b\000v\000i\000e\000w\177\026\172\013\142\052\126\376}{section.2}% 8
\BOOKMARK [2][-]{subsection.2.3}{\376\377\143\247\156\051\176\323\147\234\142\052\126\376}{section.2}% 9
\BOOKMARK [2][-]{subsection.2.4}{\376\377\133\236\232\214\145\160\143\156}{section.2}% 10
\BOOKMARK [1][-]{section.3}{\376\377\000T\000E\000C\143\247\156\051\133\236\232\214\000\040\122\006\147\220\116\016\213\250\213\272}{}% 11
\BOOKMARK [2][-]{subsection.3.1}{\376\377\133\236\232\214\145\160\143\156\176\330\126\376}{section.3}% 12
\BOOKMARK [3][-]{subsubsection.3.1.1}{\376\377\145\160\143\156\145\366\127\337\126\376}{subsection.3.1}% 13
\BOOKMARK [3][-]{subsubsection.3.1.2}{\376\377\145\160\143\156\230\221\127\337\126\376}{subsection.3.1}% 14
\BOOKMARK [3][-]{subsubsection.3.1.3}{\376\377\145\160\143\156\230\221\127\337\126\376\133\371\145\160\127\120\150\007}{subsection.3.1}% 15
\BOOKMARK [2][-]{subsection.3.2}{\376\377\145\366\127\337\145\160\143\156\122\006\147\220}{section.3}% 16
\BOOKMARK [2][-]{subsection.3.3}{\376\377\230\221\127\337\145\160\143\156\122\006\147\220}{section.3}% 17
\BOOKMARK [2][-]{subsection.3.4}{\376\377\143\247\156\051\145\110\147\234\140\073\176\323}{section.3}% 18
\BOOKMARK [2][-]{subsection.3.5}{\376\377\133\236\232\214\124\016\140\035\200\003\230\230}{section.3}% 19
\BOOKMARK [1][-]{section.4}{\376\377\000T\000E\000C\143\247\156\051\133\236\232\214\000\040\176\323\213\355}{}% 20
\BOOKMARK [2][-]{subsection.4.1}{\376\377\133\236\232\214\137\303\137\227\124\214\117\123\117\032}{section.4}% 21
\BOOKMARK [2][-]{subsection.4.2}{\376\377\226\104\116\366}{section.4}% 22
