\BOOKMARK [1][-]{section.1}{\376\377\000C\000C\0001\000\040\160\355\217\220\134\004\166\204\155\113\221\317\000\040\000\040\230\204\116\140\142\245\124\112}{}% 1
\BOOKMARK [2][-]{subsection.1.1}{\376\377\133\236\232\214\166\356\166\204}{section.1}% 2
\BOOKMARK [2][-]{subsection.1.2}{\376\377\116\352\126\150\165\050\121\167}{section.1}% 3
\BOOKMARK [2][-]{subsection.1.3}{\376\377\123\237\164\006\151\202\217\360}{section.1}% 4
\BOOKMARK [2][-]{subsection.1.4}{\376\377\133\236\232\214\140\035\200\003\230\230\230\230}{section.1}% 5
\BOOKMARK [1][-]{section.2}{\376\377\000C\000C\0001\000\040\160\355\217\220\134\004\166\204\155\113\221\317\000\040\000\040\133\236\232\214\213\260\137\125}{}% 6
\BOOKMARK [2][-]{subsection.2.1}{\376\377\133\236\232\214\121\205\133\271\060\001\153\145\232\244\116\016\176\323\147\234}{section.2}% 7
\BOOKMARK [3][-]{subsubsection.2.1.1}{\376\377\133\236\232\214\174\373\176\337\144\055\136\372}{subsection.2.1}% 8
\BOOKMARK [3][-]{subsubsection.2.1.2}{\376\377\155\113\221\317\162\151\117\123\166\204\217\220\134\004\227\142\156\051\136\246\133\371\217\220\134\004\137\072\136\246\131\047\134\017\166\204\137\161\124\315}{subsection.2.1}% 9
\BOOKMARK [3][-]{subsubsection.2.1.3}{\376\377\155\113\221\317\127\050\116\015\124\014\217\220\134\004\215\335\171\273\127\050\000d\166\204\217\220\134\004\117\040\141\037\126\150\217\223\121\372\000P\000\040}{subsection.2.1}% 10
\BOOKMARK [3][-]{subsubsection.2.1.4}{\376\377\155\113\221\317\116\015\124\014\162\151\117\123\210\150\227\142\166\204\123\321\134\004\174\373\145\160}{subsection.2.1}% 11
\BOOKMARK [3][-]{subsubsection.2.1.5}{\376\377\133\236\232\214\145\160\143\156\126\376\120\317}{subsection.2.1}% 12
\BOOKMARK [2][-]{subsection.2.2}{\376\377\133\236\232\214\217\307\172\013\220\107\122\060\225\356\230\230\123\312\211\343\121\263\122\236\154\325}{section.2}% 13
\BOOKMARK [1][-]{section.3}{\376\377\000C\000C\0001\000\040\160\355\217\220\134\004\166\204\155\113\221\317\000\040\000\040\122\006\147\220\116\016\213\250\213\272}{}% 14
\BOOKMARK [2][-]{subsection.3.1}{\376\377\133\236\232\214\145\160\143\156\122\006\147\220}{section.3}% 15
\BOOKMARK [3][-]{subsubsection.3.1.1}{\376\377\155\113\221\317\162\151\117\123\166\204\217\220\134\004\227\142\156\051\136\246\133\371\217\220\134\004\137\072\136\246\131\047\134\017\166\204\137\161\124\315}{subsection.3.1}% 16
\BOOKMARK [3][-]{subsubsection.3.1.2}{\376\377\155\113\221\317\127\050\116\015\124\014\217\220\134\004\215\335\171\273\127\050\000\040\000d\000\040\166\204\217\220\134\004\117\040\141\037\126\150\217\223\121\372\000P}{subsection.3.1}% 17
\BOOKMARK [3][-]{subsubsection.3.1.3}{\376\377\155\113\221\317\116\015\124\014\162\151\117\123\210\150\227\142\166\204\123\321\134\004\174\373\145\160}{subsection.3.1}% 18
\BOOKMARK [2][-]{subsection.3.2}{\376\377\133\236\232\214\124\016\140\035\200\003\230\230}{section.3}% 19
\BOOKMARK [1][-]{section.4}{\376\377\000C\000C\0001\000\040\160\355\217\220\134\004\166\204\155\113\221\317\000\040\176\323\213\355}{}% 20
\BOOKMARK [2][-]{subsection.4.1}{\376\377\133\236\232\214\137\303\137\227\124\214\117\123\117\032}{section.4}% 21
\BOOKMARK [2][-]{subsection.4.2}{\376\377\226\104\116\366\123\312\133\236\232\214\166\370\121\163\166\204\217\157\170\154\116\366\215\104\145\231\173\111}{section.4}% 22
