\BOOKMARK [1][-]{section.1}{\376\377\000C\000B\0002\000\040\120\117\143\057\121\111\133\236\232\214\000\040\000\040\230\204\116\140\142\245\124\112}{}% 1
\BOOKMARK [2][-]{subsection.1.1}{\376\377\133\236\232\214\166\356\166\204}{section.1}% 2
\BOOKMARK [2][-]{subsection.1.2}{\376\377\116\352\126\150\165\050\121\167}{section.1}% 3
\BOOKMARK [2][-]{subsection.1.3}{\376\377\123\237\164\006\151\202\217\360}{section.1}% 4
\BOOKMARK [2][-]{subsection.1.4}{\376\377\133\236\232\214\230\204\116\140\230\230}{section.1}% 5
\BOOKMARK [1][-]{section.2}{\376\377\000C\000B\0002\000\040\120\117\143\057\121\111\133\236\232\214\000\040\000\040\133\236\232\214\213\260\137\125}{}% 6
\BOOKMARK [2][-]{subsection.2.1}{\376\377\133\236\232\214\121\205\133\271\060\001\153\145\232\244\116\016\176\323\147\234}{section.2}% 7
\BOOKMARK [3][-]{subsubsection.2.1.1}{\376\377\170\024\172\166\116\244\123\311\176\277\140\047\120\117\143\057\162\107}{subsection.2.1}% 8
\BOOKMARK [3][-]{subsubsection.2.1.2}{\376\377\232\214\213\301\232\154\124\025\145\257\133\232\137\213}{subsection.2.1}% 9
\BOOKMARK [3][-]{subsubsection.2.1.3}{\376\377\163\273\164\203\123\315\134\004\215\167\120\117\124\214\136\003\121\022\145\257\162\171\211\322\166\204\155\113\221\317}{subsection.2.1}% 10
\BOOKMARK [3][-]{subsubsection.2.1.4}{\376\377\121\111\166\204\145\143\134\004}{subsection.2.1}% 11
\BOOKMARK [3][-]{subsubsection.2.1.5}{\376\377\122\006\147\220\000/\0002\154\342\162\107\162\171\140\047}{subsection.2.1}% 12
\BOOKMARK [3][-]{subsubsection.2.1.6}{\376\377\122\006\147\220\000/\0004\154\342\162\107\162\171\140\047}{subsection.2.1}% 13
\BOOKMARK [3][-]{subsubsection.2.1.7}{\376\377\122\006\147\220\116\044\116\052\000/\0004\154\342\162\107\162\171\140\047}{subsection.2.1}% 14
\BOOKMARK [3][-]{subsubsection.2.1.8}{\376\377\170\024\172\166\151\055\127\006\120\117\143\057\121\111\124\214\127\006\120\117\143\057\121\111}{subsection.2.1}% 15
\BOOKMARK [2][-]{subsection.2.2}{\376\377\133\236\232\214\217\307\172\013\220\107\122\060\225\356\230\230\123\312\211\343\121\263\122\236\154\325}{section.2}% 16
\BOOKMARK [1][-]{section.3}{\376\377\000C\000B\0002\000\040\120\117\143\057\121\111\133\236\232\214\000\040\000\040\122\006\147\220\116\016\213\250\213\272}{}% 17
\BOOKMARK [2][-]{subsection.3.1}{\376\377\133\236\232\214\145\160\143\156\122\006\147\220}{section.3}% 18
\BOOKMARK [3][-]{subsubsection.3.1.1}{\376\377\170\024\172\166\116\244\123\311\176\277\140\047\120\117\143\057\162\107}{subsection.3.1}% 19
\BOOKMARK [3][-]{subsubsection.3.1.2}{\376\377\232\214\213\301\232\154\124\025\145\257\133\232\137\213}{subsection.3.1}% 20
\BOOKMARK [3][-]{subsubsection.3.1.3}{\376\377\163\273\164\203\123\315\134\004\215\167\120\117\124\214\136\003\121\022\145\257\162\171\211\322\166\204\155\113\221\317}{subsection.3.1}% 21
\BOOKMARK [3][-]{subsubsection.3.1.4}{\376\377\121\111\166\204\145\143\134\004}{subsection.3.1}% 22
\BOOKMARK [3][-]{subsubsection.3.1.5}{\376\377\122\006\147\220\000/\0002\154\342\162\107\162\171\140\047}{subsection.3.1}% 23
\BOOKMARK [3][-]{subsubsection.3.1.6}{\376\377\122\006\147\220\000/\0004\154\342\162\107\162\171\140\047}{subsection.3.1}% 24
\BOOKMARK [3][-]{subsubsection.3.1.7}{\376\377\122\006\147\220\116\044\116\052\000/\0004\154\342\162\107\162\171\140\047}{subsection.3.1}% 25
\BOOKMARK [3][-]{subsubsection.3.1.8}{\376\377\170\024\172\166\151\055\127\006\120\117\143\057\121\111\124\214\127\006\120\117\143\057\121\111}{subsection.3.1}% 26
\BOOKMARK [2][-]{subsection.3.2}{\376\377\133\236\232\214\124\016\140\035\200\003\230\230}{section.3}% 27
\BOOKMARK [1][-]{section.4}{\376\377\000\040\000C\000B\0002\000\040\120\117\143\057\121\111\133\236\232\214\000\040\000\040\176\323\213\355}{}% 28
\BOOKMARK [2][-]{subsection.4.1}{\376\377\133\236\232\214\137\303\137\227\124\214\117\123\117\032\060\001\141\017\211\301\136\372\213\256\173\111}{section.4}% 29
\BOOKMARK [2][-]{subsection.4.2}{\376\377\226\104\116\366\123\312\133\236\232\214\166\370\121\163\166\204\217\157\170\154\116\366\215\104\145\231\173\111}{section.4}% 30
